<?xml version="1.0" encoding="UTF-8"?>
<!-- Generated by org.testng.reporters.JUnitReportReporter -->
<testsuite hostname="DESKTOP-GVIFE8M" failures="0" tests="2" name="com.bitmLeads.FinalSubmission.Test.LoginTest" time="14.233" errors="0" timestamp="2021-01-19T13:08:56 BDT" skipped="0">
  <testcase classname="com.bitmLeads.FinalSubmission.Test.LoginTest" name="homepagetitleverify" time="10.406"/>
  <system-out/>
  <testcase classname="com.bitmLeads.FinalSubmission.Test.LoginTest" name="logintest" time="3.827"/>
  <system-out/>
</testsuite> <!-- com.bitmLeads.FinalSubmission.Test.LoginTest -->
